<?xml version="1.0" encoding="UTF-8" standalone="no"?>
<!DOCTYPE log SYSTEM "logger.dtd">
<log>
</log>
<?xml version="1.0" encoding="UTF-8" standalone="no"?>
<!DOCTYPE log SYSTEM "logger.dtd">
<log>
<record>
  <date>2021-08-30T21:11:24.301142Z</date>
  <millis>1630357884301</millis>
  <nanos>142000</nanos>
  <sequence>0</sequence>
  <logger>graphics.Main</logger>
  <level>SEVERE</level>
  <class>graphics.Main</class>
  <method>main</method>
  <thread>1</thread>
  <message>org.lwjgl.LWJGLException: Could not get the JAWT interface</message>
  <exception>
    <message>org.lwjgl.LWJGLException: Could not get the JAWT interface</message>
    <frame>
      <class>org.lwjgl.opengl.AWTSurfaceLock</class>
      <method>lockAndInitHandle</method>
    </frame>
    <frame>
      <class>org.lwjgl.opengl.AWTSurfaceLock</class>
      <method>access$100</method>
      <line>49</line>
    </frame>
    <frame>
      <class>org.lwjgl.opengl.AWTSurfaceLock$1</class>
      <method>run</method>
      <line>88</line>
    </frame>
    <frame>
      <class>org.lwjgl.opengl.AWTSurfaceLock$1</class>
      <method>run</method>
      <line>86</line>
    </frame>
    <frame>
      <class>java.security.AccessController</class>
      <method>doPrivileged</method>
    </frame>
    <frame>
      <class>org.lwjgl.opengl.AWTSurfaceLock</class>
      <method>privilegedLockAndInitHandle</method>
      <line>86</line>
    </frame>
    <frame>
      <class>org.lwjgl.opengl.AWTSurfaceLock</class>
      <method>lockAndGetHandle</method>
      <line>64</line>
    </frame>
    <frame>
      <class>org.lwjgl.opengl.MacOSXCanvasPeerInfo</class>
      <method>initHandle</method>
      <line>53</line>
    </frame>
    <frame>
      <class>org.lwjgl.opengl.MacOSXDisplayPeerInfo</class>
      <method>doLockAndInitHandle</method>
      <line>56</line>
    </frame>
    <frame>
      <class>org.lwjgl.opengl.PeerInfo</class>
      <method>lockAndGetHandle</method>
      <line>85</line>
    </frame>
    <frame>
      <class>org.lwjgl.opengl.MacOSXContextImplementation</class>
      <method>create</method>
      <line>47</line>
    </frame>
    <frame>
      <class>org.lwjgl.opengl.Context</class>
      <method>&lt;init&gt;</method>
      <line>131</line>
    </frame>
    <frame>
      <class>org.lwjgl.opengl.Display</class>
      <method>create</method>
      <line>859</line>
    </frame>
    <frame>
      <class>org.lwjgl.opengl.Display</class>
      <method>create</method>
      <line>785</line>
    </frame>
    <frame>
      <class>org.lwjgl.opengl.Display</class>
      <method>create</method>
      <line>766</line>
    </frame>
    <frame>
      <class>graphics.Main</class>
      <method>&lt;init&gt;</method>
      <line>91</line>
    </frame>
    <frame>
      <class>graphics.Main</class>
      <method>main</method>
      <line>76</line>
    </frame>
  </exception>
</record>
</log>
